<?xml version="1.0" encoding="UTF-8"?>
<!-- Generated by org.testng.reporters.JUnitReportReporter -->
<testsuite skipped="0" hostname="Mamuni-PC" name="com.mytest.HelloWorld" tests="1" failures="0" timestamp="2021-09-26T17:31:15 IST" time="0.016" errors="0">
  <testcase name="testHelloWorld" time="0.016" classname="com.mytest.HelloWorld"/>
  <system-out/>
</testsuite> <!-- com.mytest.HelloWorld -->
