<?xml version="1.0" encoding="UTF-8"?>
<!-- Generated by org.testng.reporters.JUnitReportReporter -->
<testsuite skipped="0" hostname="Mamuni-PC" name="com.mytest.HelloWorld" tests="2" failures="0" timestamp="2021-09-26T18:15:05 IST" time="0.013" errors="0">
  <testcase name="testHappyLearning" time="0.012" classname="com.mytest.HelloWorld"/>
  <system-out/>
  <testcase name="testHelloWorld" time="0.001" classname="com.mytest.HelloWorld"/>
  <system-out/>
</testsuite> <!-- com.mytest.HelloWorld -->
